<html>
<head>
<title>TestNG:  Login and Update Profile Test2</title>
<link href="../testng.css" rel="stylesheet" type="text/css" />
<link href="../my-testng.css" rel="stylesheet" type="text/css" />

<style type="text/css">
.log { display: none;} 
.stack-trace { display: none;} 
</style>
<script type="text/javascript">
<!--
function flip(e) {
  current = e.style.display;
  if (current == 'block') {
    e.style.display = 'none';
    return 0;
  }
  else {
    e.style.display = 'block';
    return 1;
  }
}

function toggleBox(szDivId, elem, msg1, msg2)
{
  var res = -1;  if (document.getElementById) {
    res = flip(document.getElementById(szDivId));
  }
  else if (document.all) {
    // this is the way old msie versions work
    res = flip(document.all[szDivId]);
  }
  if(elem) {
    if(res == 0) elem.innerHTML = msg1; else elem.innerHTML = msg2;
  }

}

function toggleAllBoxes() {
  if (document.getElementsByTagName) {
    d = document.getElementsByTagName('div');
    for (i = 0; i < d.length; i++) {
      if (d[i].className == 'log') {
        flip(d[i]);
      }
    }
  }
}

// -->
</script>

</head>
<body>
<h2 align='center'>Login and Update Profile Test2</h2><table border='1' align="center">
<tr>
<td>Tests passed/Failed/Skipped:</td><td>0/1/0</td>
</tr><tr>
<td>Started on:</td><td>Sat Mar 31 19:33:20 MDT 2018</td>
</tr>
<tr><td>Total time:</td><td>180 seconds (180767 ms)</td>
</tr><tr>
<td>Included groups:</td><td></td>
</tr><tr>
<td>Excluded groups:</td><td></td>
</tr>
</table><p/>
<small><i>(Hover the method name to see the test class name)</i></small><p/>
<table width='100%' border='1' class='invocation-failed'>
<tr><td colspan='4' align='center'><b>FAILED TESTS</b></td></tr>
<tr><td><b>Test method</b></td>
<td width="30%"><b>Exception</b></td>
<td width="10%"><b>Time (seconds)</b></td>
<td><b>Instance</b></td>
</tr>
<tr>
<td title='com.abc.ignition.main.test.TestRunner2.feature()'><b>feature</b><br>Test class: com.abc.ignition.main.test.TestRunner2<br>Test method: Runs Cucumber Feature<br>Parameters: FlightReservation<br/>
<a href="#Output-219874054" onClick='toggleBox("Output-219874054", this, "Show output", "Hide output");'>Show output</a>

<a href="#Output-219874054" onClick="toggleAllBoxes();">Show all outputs</a>
<div class='log' id="Output-219874054">
Passengers are not Added. Error: [Ljava.lang.StackTraceElement;@2479c07d<br/>
</div>
</td>
<td><div><pre>cucumber.runtime.CucumberException: org.openqa.selenium.StaleElementReferenceException: Element not found in the cache - perhaps the page has changed since it was looked up
Command duration or timeout: 60.10 seconds
	at cucumber.api.testng.TestNGCucumberRunner.runCucumber(TestNGCucumberRunner.java:69)
	at com.abc.ignition.main.test.TestRunner2.feature(TestRunner2.java:36)
	at java.util.concurrent.FutureTask.run(Unknown Source)
	at java.util.concurrent.ThreadPoolExecutor.runWorker(Unknown Source)
	at java.util.concurrent.ThreadPoolExecutor$Worker.run(Unknown Source)
	at java.lang.Thread.run(Unknown Source)
Caused by: org.openqa.selenium.StaleElementReferenceException: Element not found in the cache - perhaps the page has changed since it was looked up
Command duration or timeout: 60.10 seconds
	at org.openqa.selenium.remote.ErrorHandler.createThrowable(ErrorHandler.java:215)
	at org.openqa.selenium.remote.ErrorHandler.throwIfResponseFailed(ErrorHandler.java:167)
	at org.openqa.selenium.remote.RemoteWebDriver.execute(RemoteWebDriver.java:671)
	at org.openqa.selenium.remote.RemoteWebElement.execute(RemoteWebElement.java:272)
	at org.openqa.selenium.remote.RemoteWebElement.sendKeys(RemoteWebElement.java:96)
	at org.openqa.selenium.support.pagefactory.internal.LocatingElementHandler.invoke(LocatingElementHandler.java:51)
	at com.sun.proxy.$Proxy20.sendKeys(Unknown Source)
	at com.abc.ignition.page.common.LogOnPage.login(LogOnPage.java:34)
	at com.abc.ignition.step.common.CommonStep.i_login_in_with_and_password(CommonStep.java:46)
	at ?.Given I login in with &quot;admin&quot; and password &quot;mercury&quot;(FlightReservation.feature:10)
Caused by: org.openqa.selenium.StaleElementReferenceException: Element not found in the cache - perhaps the page has changed since it was looked up
For documentation on this error, please visit: http://seleniumhq.org/exceptions/stale_element_reference.html
Build info: version: &apos;3.4.0&apos;, revision: &apos;unknown&apos;, time: &apos;unknown&apos;
System info: host: &apos;TAWHID21-PC&apos;, ip: &apos;192.168.86.180&apos;, os.name: &apos;Windows 7&apos;, os.arch: &apos;amd64&apos;, os.version: &apos;6.1&apos;, java.version: &apos;1.8.0_72&apos;
Driver info: driver.version: unknown
	at &lt;anonymous class&gt;.fxdriver.cache.getElementAt(resource://fxdriver/modules/web-element-cache.js:9525)
	at &lt;anonymous class&gt;.Utils.getElementAt(file:///C:/Users/tawhid21/AppData/Local/Temp/anonymous3656006673229424431webdriver-profile/extensions/fxdriver@googlecode.com/components/command-processor.js:10408)
	at &lt;anonymous class&gt;.fxdriver.preconditions.visible(file:///C:/Users/tawhid21/AppData/Local/Temp/anonymous3656006673229424431webdriver-profile/extensions/fxdriver@googlecode.com/components/command-processor.js:10917)
	at &lt;anonymous class&gt;.DelayedCommand.prototype.checkPreconditions_(file:///C:/Users/tawhid21/AppData/Local/Temp/anonymous3656006673229424431webdriver-profile/extensions/fxdriver@googlecode.com/components/command-processor.js:12862)
	at &lt;anonymous class&gt;.DelayedCommand.prototype.executeInternal_/k(file:///C:/Users/tawhid21/AppData/Local/Temp/anonymous3656006673229424431webdriver-profile/extensions/fxdriver@googlecode.com/components/command-processor.js:12879)
	at &lt;anonymous class&gt;.fxdriver.Timer.prototype.setTimeout/&lt;.notify(file:///C:/Users/tawhid21/AppData/Local/Temp/anonymous3656006673229424431webdriver-profile/extensions/fxdriver@googlecode.com/components/command-processor.js:720)
... Removed 24 stack frames</pre></div><a href='#' onClick='toggleBox("stack-trace219874054", this, "Click to show all stack frames", "Click to hide stack frames")'>Click to show all stack frames</a>
<div class='stack-trace' id='stack-trace219874054'><pre>cucumber.runtime.CucumberException: org.openqa.selenium.StaleElementReferenceException: Element not found in the cache - perhaps the page has changed since it was looked up
Command duration or timeout: 60.10 seconds
	at cucumber.api.testng.TestNGCucumberRunner.runCucumber(TestNGCucumberRunner.java:69)
	at com.abc.ignition.main.test.TestRunner2.feature(TestRunner2.java:36)
	at sun.reflect.NativeMethodAccessorImpl.invoke0(Native Method)
	at sun.reflect.NativeMethodAccessorImpl.invoke(Unknown Source)
	at sun.reflect.DelegatingMethodAccessorImpl.invoke(Unknown Source)
	at java.lang.reflect.Method.invoke(Unknown Source)
	at org.testng.internal.MethodInvocationHelper.invokeMethod(MethodInvocationHelper.java:85)
	at org.testng.internal.Invoker.invokeMethod(Invoker.java:639)
	at org.testng.internal.Invoker.invokeTestMethod(Invoker.java:816)
	at org.testng.internal.Invoker.invokeTestMethods(Invoker.java:1124)
	at org.testng.internal.TestMethodWorker.invokeTestMethods(TestMethodWorker.java:125)
	at org.testng.internal.TestMethodWorker.run(TestMethodWorker.java:108)
	at org.testng.TestRunner.privateRun(TestRunner.java:774)
	at org.testng.TestRunner.run(TestRunner.java:624)
	at org.testng.SuiteRunner.runTest(SuiteRunner.java:359)
	at org.testng.SuiteRunner.access$000(SuiteRunner.java:39)
	at org.testng.SuiteRunner$SuiteWorker.run(SuiteRunner.java:393)
	at org.testng.internal.thread.ThreadUtil$2.call(ThreadUtil.java:64)
	at java.util.concurrent.FutureTask.run(Unknown Source)
	at java.util.concurrent.ThreadPoolExecutor.runWorker(Unknown Source)
	at java.util.concurrent.ThreadPoolExecutor$Worker.run(Unknown Source)
	at java.lang.Thread.run(Unknown Source)
Caused by: org.openqa.selenium.StaleElementReferenceException: Element not found in the cache - perhaps the page has changed since it was looked up
Command duration or timeout: 60.10 seconds
	at sun.reflect.NativeConstructorAccessorImpl.newInstance0(Native Method)
	at sun.reflect.NativeConstructorAccessorImpl.newInstance(Unknown Source)
	at sun.reflect.DelegatingConstructorAccessorImpl.newInstance(Unknown Source)
	at java.lang.reflect.Constructor.newInstance(Unknown Source)
	at org.openqa.selenium.remote.ErrorHandler.createThrowable(ErrorHandler.java:215)
	at org.openqa.selenium.remote.ErrorHandler.throwIfResponseFailed(ErrorHandler.java:167)
	at org.openqa.selenium.remote.RemoteWebDriver.execute(RemoteWebDriver.java:671)
	at org.openqa.selenium.remote.RemoteWebElement.execute(RemoteWebElement.java:272)
	at org.openqa.selenium.remote.RemoteWebElement.sendKeys(RemoteWebElement.java:96)
	at sun.reflect.NativeMethodAccessorImpl.invoke0(Native Method)
	at sun.reflect.NativeMethodAccessorImpl.invoke(Unknown Source)
	at sun.reflect.DelegatingMethodAccessorImpl.invoke(Unknown Source)
	at java.lang.reflect.Method.invoke(Unknown Source)
	at org.openqa.selenium.support.pagefactory.internal.LocatingElementHandler.invoke(LocatingElementHandler.java:51)
	at com.sun.proxy.$Proxy20.sendKeys(Unknown Source)
	at com.abc.ignition.page.common.LogOnPage.login(LogOnPage.java:34)
	at com.abc.ignition.step.common.CommonStep.i_login_in_with_and_password(CommonStep.java:46)
	at ?.Given I login in with &quot;admin&quot; and password &quot;mercury&quot;(FlightReservation.feature:10)
Caused by: org.openqa.selenium.StaleElementReferenceException: Element not found in the cache - perhaps the page has changed since it was looked up
For documentation on this error, please visit: http://seleniumhq.org/exceptions/stale_element_reference.html
Build info: version: &apos;3.4.0&apos;, revision: &apos;unknown&apos;, time: &apos;unknown&apos;
System info: host: &apos;TAWHID21-PC&apos;, ip: &apos;192.168.86.180&apos;, os.name: &apos;Windows 7&apos;, os.arch: &apos;amd64&apos;, os.version: &apos;6.1&apos;, java.version: &apos;1.8.0_72&apos;
Driver info: driver.version: unknown
	at &lt;anonymous class&gt;.fxdriver.cache.getElementAt(resource://fxdriver/modules/web-element-cache.js:9525)
	at &lt;anonymous class&gt;.Utils.getElementAt(file:///C:/Users/tawhid21/AppData/Local/Temp/anonymous3656006673229424431webdriver-profile/extensions/fxdriver@googlecode.com/components/command-processor.js:10408)
	at &lt;anonymous class&gt;.fxdriver.preconditions.visible(file:///C:/Users/tawhid21/AppData/Local/Temp/anonymous3656006673229424431webdriver-profile/extensions/fxdriver@googlecode.com/components/command-processor.js:10917)
	at &lt;anonymous class&gt;.DelayedCommand.prototype.checkPreconditions_(file:///C:/Users/tawhid21/AppData/Local/Temp/anonymous3656006673229424431webdriver-profile/extensions/fxdriver@googlecode.com/components/command-processor.js:12862)
	at &lt;anonymous class&gt;.DelayedCommand.prototype.executeInternal_/k(file:///C:/Users/tawhid21/AppData/Local/Temp/anonymous3656006673229424431webdriver-profile/extensions/fxdriver@googlecode.com/components/command-processor.js:12879)
	at &lt;anonymous class&gt;.fxdriver.Timer.prototype.setTimeout/&lt;.notify(file:///C:/Users/tawhid21/AppData/Local/Temp/anonymous3656006673229424431webdriver-profile/extensions/fxdriver@googlecode.com/components/command-processor.js:720)
</pre></div></td>
<td>180</td>
<td>com.abc.ignition.main.test.TestRunner2@68bbe345</td></tr>
</table><p>
</body>
</html>